{"/Users/tadecker/Documents/2015springTeam17/src/app.js":{"path":"/Users/tadecker/Documents/2015springTeam17/src/app.js","s":{"1":1,"2":1,"3":1,"4":1,"5":1,"6":1,"7":1,"8":1,"9":1,"10":1,"11":1,"12":1,"13":1,"14":1,"15":1,"16":1,"17":1,"18":1,"19":1,"20":1,"21":1,"22":1,"23":1,"24":1,"25":1,"26":1,"27":1,"28":1,"29":1,"30":2,"31":2,"32":1},"b":{"1":[1,0],"2":[2,1]},"f":{"1":1,"2":2},"fnMap":{"1":{"name":"(anonymous_1)","line":34,"loc":{"start":{"line":34,"column":8},"end":{"line":34,"column":33}}},"2":{"name":"(anonymous_2)","line":45,"loc":{"start":{"line":45,"column":12},"end":{"line":45,"column":42}}}},"statementMap":{"1":{"start":{"line":1,"column":0},"end":{"line":1,"column":33}},"2":{"start":{"line":2,"column":0},"end":{"line":2,"column":27}},"3":{"start":{"line":3,"column":0},"end":{"line":3,"column":39}},"4":{"start":{"line":4,"column":0},"end":{"line":4,"column":31}},"5":{"start":{"line":5,"column":0},"end":{"line":5,"column":44}},"6":{"start":{"line":6,"column":0},"end":{"line":6,"column":40}},"7":{"start":{"line":8,"column":0},"end":{"line":8,"column":39}},"8":{"start":{"line":9,"column":0},"end":{"line":9,"column":40}},"9":{"start":{"line":10,"column":0},"end":{"line":10,"column":42}},"10":{"start":{"line":11,"column":0},"end":{"line":11,"column":51}},"11":{"start":{"line":13,"column":0},"end":{"line":13,"column":20}},"12":{"start":{"line":14,"column":0},"end":{"line":14,"column":17}},"13":{"start":{"line":17,"column":0},"end":{"line":17,"column":48}},"14":{"start":{"line":18,"column":0},"end":{"line":18,"column":31}},"15":{"start":{"line":22,"column":0},"end":{"line":22,"column":23}},"16":{"start":{"line":23,"column":0},"end":{"line":23,"column":27}},"17":{"start":{"line":24,"column":0},"end":{"line":24,"column":52}},"18":{"start":{"line":25,"column":0},"end":{"line":25,"column":24}},"19":{"start":{"line":26,"column":0},"end":{"line":26,"column":56}},"20":{"start":{"line":28,"column":0},"end":{"line":28,"column":21}},"21":{"start":{"line":29,"column":0},"end":{"line":29,"column":21}},"22":{"start":{"line":30,"column":0},"end":{"line":30,"column":22}},"23":{"start":{"line":31,"column":0},"end":{"line":31,"column":27}},"24":{"start":{"line":34,"column":0},"end":{"line":38,"column":3}},"25":{"start":{"line":35,"column":4},"end":{"line":35,"column":37}},"26":{"start":{"line":36,"column":4},"end":{"line":36,"column":21}},"27":{"start":{"line":37,"column":4},"end":{"line":37,"column":14}},"28":{"start":{"line":44,"column":0},"end":{"line":52,"column":1}},"29":{"start":{"line":45,"column":4},"end":{"line":51,"column":7}},"30":{"start":{"line":46,"column":8},"end":{"line":46,"column":38}},"31":{"start":{"line":47,"column":8},"end":{"line":50,"column":11}},"32":{"start":{"line":64,"column":0},"end":{"line":64,"column":21}}},"branchMap":{"1":{"line":44,"type":"if","locations":[{"start":{"line":44,"column":0},"end":{"line":44,"column":0}},{"start":{"line":44,"column":0},"end":{"line":44,"column":0}}]},"2":{"line":46,"type":"binary-expr","locations":[{"start":{"line":46,"column":19},"end":{"line":46,"column":29}},{"start":{"line":46,"column":33},"end":{"line":46,"column":36}}]}}},"/Users/tadecker/Documents/2015springTeam17/src/routes/index.js":{"path":"/Users/tadecker/Documents/2015springTeam17/src/routes/index.js","s":{"1":1,"2":1,"3":1,"4":1,"5":1,"6":1,"7":1,"8":2,"9":2,"10":2,"11":0,"12":2,"13":2,"14":200,"15":2,"16":2,"17":2,"18":1,"19":3,"20":3,"21":2,"22":1,"23":3,"24":3,"25":1,"26":1,"27":2,"28":1,"29":2,"30":2,"31":2,"32":1,"33":1,"34":1,"35":1,"36":3,"37":3,"38":3,"39":3,"40":1,"41":1,"42":2,"43":2,"44":2,"45":0,"46":0,"47":2,"48":1,"49":2,"50":2,"51":2,"52":2,"53":1,"54":1,"55":1,"56":2,"57":2,"58":2,"59":2,"60":2,"61":2,"62":1,"63":1,"64":1,"65":1,"66":3,"67":2,"68":2,"69":2,"70":2,"71":2,"72":1,"73":1,"74":1,"75":1,"76":2,"77":2,"78":2,"79":2,"80":1,"81":1,"82":1,"83":1,"84":1,"85":1,"86":1,"87":2,"88":2,"89":2,"90":2,"91":1,"92":1,"93":1,"94":1,"95":1,"96":1,"97":1,"98":1,"99":1,"100":1,"101":1,"102":1,"103":0,"104":0,"105":1,"106":1,"107":5,"108":5,"109":7,"110":3,"111":5,"112":2,"113":1,"114":1,"115":2,"116":2,"117":2,"118":2,"119":2,"120":1,"121":1,"122":1,"123":1,"124":1,"125":1,"126":1,"127":0,"128":0,"129":1,"130":1,"131":1,"132":1,"133":1,"134":1,"135":1,"136":1,"137":2,"138":2,"139":2,"140":2,"141":0,"142":0,"143":2,"144":2,"145":200,"146":200,"147":200,"148":2,"149":1,"150":6,"151":1},"b":{"1":[0,2],"2":[2,1],"3":[1,2],"4":[0,2],"5":[1,1],"6":[1,2],"7":[0,2],"8":[1,1],"9":[1,1],"10":[1,1],"11":[1,1],"12":[1,1],"13":[0,1],"14":[3,4],"15":[2,3],"16":[1,1],"17":[0,1],"18":[2,0],"19":[0,2]},"f":{"1":1,"2":2,"3":2,"4":2,"5":3,"6":3,"7":2,"8":2,"9":3,"10":3,"11":2,"12":2,"13":2,"14":2,"15":2,"16":3,"17":2,"18":2,"19":2,"20":2,"21":2,"22":1,"23":1,"24":2,"25":2,"26":1,"27":2,"28":2,"29":6},"fnMap":{"1":{"name":"(anonymous_1)","line":10,"loc":{"start":{"line":10,"column":16},"end":{"line":10,"column":41}}},"2":{"name":"(anonymous_2)","line":15,"loc":{"start":{"line":15,"column":21},"end":{"line":15,"column":46}}},"3":{"name":"(anonymous_3)","line":20,"loc":{"start":{"line":20,"column":23},"end":{"line":20,"column":46}}},"4":{"name":"(anonymous_4)","line":37,"loc":{"start":{"line":37,"column":68},"end":{"line":37,"column":97}}},"5":{"name":"(anonymous_5)","line":52,"loc":{"start":{"line":52,"column":24},"end":{"line":52,"column":49}}},"6":{"name":"(anonymous_6)","line":62,"loc":{"start":{"line":62,"column":23},"end":{"line":62,"column":46}}},"7":{"name":"(anonymous_7)","line":73,"loc":{"start":{"line":73,"column":23},"end":{"line":73,"column":48}}},"8":{"name":"(anonymous_8)","line":83,"loc":{"start":{"line":83,"column":23},"end":{"line":83,"column":46}}},"9":{"name":"(anonymous_9)","line":94,"loc":{"start":{"line":94,"column":29},"end":{"line":94,"column":54}}},"10":{"name":"(anonymous_10)","line":98,"loc":{"start":{"line":98,"column":23},"end":{"line":98,"column":47}}},"11":{"name":"(anonymous_11)","line":105,"loc":{"start":{"line":105,"column":26},"end":{"line":105,"column":50}}},"12":{"name":"(anonymous_12)","line":120,"loc":{"start":{"line":120,"column":37},"end":{"line":120,"column":62}}},"13":{"name":"(anonymous_13)","line":124,"loc":{"start":{"line":124,"column":23},"end":{"line":124,"column":47}}},"14":{"name":"(anonymous_14)","line":135,"loc":{"start":{"line":135,"column":27},"end":{"line":135,"column":52}}},"15":{"name":"(anonymous_15)","line":141,"loc":{"start":{"line":141,"column":23},"end":{"line":141,"column":47}}},"16":{"name":"(anonymous_16)","line":153,"loc":{"start":{"line":153,"column":26},"end":{"line":153,"column":51}}},"17":{"name":"(anonymous_17)","line":159,"loc":{"start":{"line":159,"column":23},"end":{"line":159,"column":47}}},"18":{"name":"(anonymous_18)","line":171,"loc":{"start":{"line":171,"column":27},"end":{"line":171,"column":50}}},"19":{"name":"(anonymous_19)","line":175,"loc":{"start":{"line":175,"column":19},"end":{"line":175,"column":42}}},"20":{"name":"(anonymous_20)","line":199,"loc":{"start":{"line":199,"column":26},"end":{"line":199,"column":49}}},"21":{"name":"(anonymous_21)","line":203,"loc":{"start":{"line":203,"column":19},"end":{"line":203,"column":42}}},"22":{"name":"(anonymous_22)","line":227,"loc":{"start":{"line":227,"column":25},"end":{"line":227,"column":51}}},"23":{"name":"(anonymous_23)","line":229,"loc":{"start":{"line":229,"column":19},"end":{"line":229,"column":42}}},"24":{"name":"(anonymous_24)","line":253,"loc":{"start":{"line":253,"column":32},"end":{"line":253,"column":55}}},"25":{"name":"(anonymous_25)","line":262,"loc":{"start":{"line":262,"column":25},"end":{"line":262,"column":48}}},"26":{"name":"(anonymous_26)","line":280,"loc":{"start":{"line":280,"column":26},"end":{"line":280,"column":49}}},"27":{"name":"getAllRelationships","line":335,"loc":{"start":{"line":335,"column":0},"end":{"line":335,"column":56}}},"28":{"name":"(anonymous_28)","line":340,"loc":{"start":{"line":340,"column":23},"end":{"line":340,"column":46}}},"29":{"name":"CleanJSONForNeo4j","line":369,"loc":{"start":{"line":369,"column":0},"end":{"line":369,"column":33}}}},"statementMap":{"1":{"start":{"line":2,"column":0},"end":{"line":2,"column":29}},"2":{"start":{"line":3,"column":0},"end":{"line":3,"column":58}},"3":{"start":{"line":5,"column":0},"end":{"line":5,"column":33}},"4":{"start":{"line":6,"column":0},"end":{"line":6,"column":30}},"5":{"start":{"line":10,"column":0},"end":{"line":12,"column":3}},"6":{"start":{"line":11,"column":1},"end":{"line":11,"column":44}},"7":{"start":{"line":15,"column":0},"end":{"line":49,"column":3}},"8":{"start":{"line":17,"column":1},"end":{"line":17,"column":44}},"9":{"start":{"line":20,"column":1},"end":{"line":48,"column":4}},"10":{"start":{"line":21,"column":2},"end":{"line":47,"column":3}},"11":{"start":{"line":22,"column":3},"end":{"line":22,"column":61}},"12":{"start":{"line":24,"column":3},"end":{"line":24,"column":22}},"13":{"start":{"line":25,"column":3},"end":{"line":36,"column":4}},"14":{"start":{"line":26,"column":4},"end":{"line":34,"column":7}},"15":{"start":{"line":37,"column":3},"end":{"line":44,"column":6}},"16":{"start":{"line":38,"column":4},"end":{"line":41,"column":6}},"17":{"start":{"line":43,"column":4},"end":{"line":43,"column":36}},"18":{"start":{"line":52,"column":0},"end":{"line":70,"column":3}},"19":{"start":{"line":53,"column":1},"end":{"line":53,"column":11}},"20":{"start":{"line":54,"column":2},"end":{"line":61,"column":2}},"21":{"start":{"line":55,"column":2},"end":{"line":57,"column":21}},"22":{"start":{"line":59,"column":2},"end":{"line":60,"column":21}},"23":{"start":{"line":62,"column":1},"end":{"line":69,"column":4}},"24":{"start":{"line":63,"column":2},"end":{"line":68,"column":3}},"25":{"start":{"line":64,"column":3},"end":{"line":64,"column":20}},"26":{"start":{"line":65,"column":3},"end":{"line":65,"column":25}},"27":{"start":{"line":67,"column":3},"end":{"line":67,"column":21}},"28":{"start":{"line":73,"column":0},"end":{"line":91,"column":3}},"29":{"start":{"line":74,"column":1},"end":{"line":81,"column":65}},"30":{"start":{"line":83,"column":1},"end":{"line":90,"column":4}},"31":{"start":{"line":84,"column":2},"end":{"line":89,"column":3}},"32":{"start":{"line":85,"column":3},"end":{"line":85,"column":20}},"33":{"start":{"line":86,"column":3},"end":{"line":86,"column":25}},"34":{"start":{"line":88,"column":3},"end":{"line":88,"column":21}},"35":{"start":{"line":94,"column":0},"end":{"line":117,"column":3}},"36":{"start":{"line":95,"column":1},"end":{"line":95,"column":27}},"37":{"start":{"line":97,"column":1},"end":{"line":97,"column":75}},"38":{"start":{"line":98,"column":1},"end":{"line":115,"column":4}},"39":{"start":{"line":99,"column":2},"end":{"line":114,"column":3}},"40":{"start":{"line":100,"column":3},"end":{"line":100,"column":20}},"41":{"start":{"line":101,"column":3},"end":{"line":101,"column":61}},"42":{"start":{"line":104,"column":3},"end":{"line":104,"column":56}},"43":{"start":{"line":105,"column":3},"end":{"line":112,"column":6}},"44":{"start":{"line":106,"column":4},"end":{"line":111,"column":5}},"45":{"start":{"line":107,"column":5},"end":{"line":107,"column":22}},"46":{"start":{"line":108,"column":5},"end":{"line":108,"column":63}},"47":{"start":{"line":110,"column":5},"end":{"line":110,"column":33}},"48":{"start":{"line":120,"column":0},"end":{"line":132,"column":3}},"49":{"start":{"line":121,"column":1},"end":{"line":121,"column":26}},"50":{"start":{"line":123,"column":1},"end":{"line":123,"column":52}},"51":{"start":{"line":124,"column":1},"end":{"line":130,"column":4}},"52":{"start":{"line":125,"column":2},"end":{"line":129,"column":3}},"53":{"start":{"line":126,"column":3},"end":{"line":126,"column":61}},"54":{"start":{"line":128,"column":3},"end":{"line":128,"column":39}},"55":{"start":{"line":135,"column":0},"end":{"line":150,"column":3}},"56":{"start":{"line":136,"column":1},"end":{"line":136,"column":38}},"57":{"start":{"line":137,"column":1},"end":{"line":137,"column":23}},"58":{"start":{"line":138,"column":1},"end":{"line":138,"column":28}},"59":{"start":{"line":140,"column":1},"end":{"line":140,"column":103}},"60":{"start":{"line":141,"column":1},"end":{"line":148,"column":4}},"61":{"start":{"line":142,"column":2},"end":{"line":147,"column":3}},"62":{"start":{"line":143,"column":3},"end":{"line":143,"column":20}},"63":{"start":{"line":144,"column":3},"end":{"line":144,"column":61}},"64":{"start":{"line":146,"column":3},"end":{"line":146,"column":31}},"65":{"start":{"line":153,"column":0},"end":{"line":168,"column":3}},"66":{"start":{"line":154,"column":1},"end":{"line":154,"column":37}},"67":{"start":{"line":155,"column":1},"end":{"line":155,"column":22}},"68":{"start":{"line":156,"column":1},"end":{"line":156,"column":28}},"69":{"start":{"line":158,"column":1},"end":{"line":158,"column":101}},"70":{"start":{"line":159,"column":1},"end":{"line":166,"column":4}},"71":{"start":{"line":160,"column":2},"end":{"line":165,"column":3}},"72":{"start":{"line":161,"column":3},"end":{"line":161,"column":20}},"73":{"start":{"line":162,"column":3},"end":{"line":162,"column":61}},"74":{"start":{"line":164,"column":3},"end":{"line":164,"column":39}},"75":{"start":{"line":171,"column":0},"end":{"line":196,"column":3}},"76":{"start":{"line":172,"column":1},"end":{"line":172,"column":24}},"77":{"start":{"line":173,"column":1},"end":{"line":173,"column":43}},"78":{"start":{"line":175,"column":1},"end":{"line":195,"column":4}},"79":{"start":{"line":176,"column":2},"end":{"line":194,"column":3}},"80":{"start":{"line":177,"column":3},"end":{"line":177,"column":20}},"81":{"start":{"line":178,"column":3},"end":{"line":178,"column":61}},"82":{"start":{"line":180,"column":3},"end":{"line":180,"column":22}},"83":{"start":{"line":181,"column":3},"end":{"line":192,"column":4}},"84":{"start":{"line":182,"column":4},"end":{"line":190,"column":7}},"85":{"start":{"line":193,"column":3},"end":{"line":193,"column":23}},"86":{"start":{"line":199,"column":0},"end":{"line":224,"column":3}},"87":{"start":{"line":200,"column":1},"end":{"line":200,"column":24}},"88":{"start":{"line":201,"column":1},"end":{"line":201,"column":42}},"89":{"start":{"line":203,"column":1},"end":{"line":223,"column":4}},"90":{"start":{"line":204,"column":2},"end":{"line":222,"column":3}},"91":{"start":{"line":205,"column":3},"end":{"line":205,"column":20}},"92":{"start":{"line":206,"column":3},"end":{"line":206,"column":61}},"93":{"start":{"line":208,"column":3},"end":{"line":208,"column":21}},"94":{"start":{"line":209,"column":3},"end":{"line":220,"column":4}},"95":{"start":{"line":210,"column":4},"end":{"line":210,"column":59}},"96":{"start":{"line":211,"column":4},"end":{"line":211,"column":55}},"97":{"start":{"line":212,"column":4},"end":{"line":219,"column":7}},"98":{"start":{"line":221,"column":3},"end":{"line":221,"column":22}},"99":{"start":{"line":227,"column":0},"end":{"line":250,"column":3}},"100":{"start":{"line":228,"column":1},"end":{"line":228,"column":45}},"101":{"start":{"line":229,"column":1},"end":{"line":248,"column":4}},"102":{"start":{"line":230,"column":2},"end":{"line":247,"column":3}},"103":{"start":{"line":231,"column":3},"end":{"line":231,"column":20}},"104":{"start":{"line":232,"column":3},"end":{"line":232,"column":61}},"105":{"start":{"line":234,"column":3},"end":{"line":234,"column":23}},"106":{"start":{"line":235,"column":3},"end":{"line":245,"column":4}},"107":{"start":{"line":236,"column":4},"end":{"line":236,"column":22}},"108":{"start":{"line":237,"column":4},"end":{"line":241,"column":5}},"109":{"start":{"line":238,"column":5},"end":{"line":240,"column":6}},"110":{"start":{"line":239,"column":6},"end":{"line":239,"column":19}},"111":{"start":{"line":242,"column":4},"end":{"line":244,"column":5}},"112":{"start":{"line":243,"column":5},"end":{"line":243,"column":49}},"113":{"start":{"line":246,"column":3},"end":{"line":246,"column":24}},"114":{"start":{"line":253,"column":0},"end":{"line":332,"column":3}},"115":{"start":{"line":254,"column":1},"end":{"line":254,"column":24}},"116":{"start":{"line":256,"column":1},"end":{"line":256,"column":79}},"117":{"start":{"line":260,"column":1},"end":{"line":260,"column":78}},"118":{"start":{"line":262,"column":1},"end":{"line":331,"column":4}},"119":{"start":{"line":263,"column":2},"end":{"line":330,"column":3}},"120":{"start":{"line":264,"column":3},"end":{"line":264,"column":20}},"121":{"start":{"line":265,"column":3},"end":{"line":265,"column":61}},"122":{"start":{"line":267,"column":3},"end":{"line":267,"column":22}},"123":{"start":{"line":268,"column":3},"end":{"line":279,"column":4}},"124":{"start":{"line":269,"column":4},"end":{"line":277,"column":7}},"125":{"start":{"line":280,"column":3},"end":{"line":329,"column":6}},"126":{"start":{"line":281,"column":4},"end":{"line":328,"column":5}},"127":{"start":{"line":282,"column":5},"end":{"line":282,"column":22}},"128":{"start":{"line":283,"column":5},"end":{"line":283,"column":63}},"129":{"start":{"line":285,"column":5},"end":{"line":285,"column":23}},"130":{"start":{"line":287,"column":5},"end":{"line":298,"column":6}},"131":{"start":{"line":288,"column":6},"end":{"line":288,"column":61}},"132":{"start":{"line":289,"column":6},"end":{"line":289,"column":57}},"133":{"start":{"line":290,"column":6},"end":{"line":297,"column":9}},"134":{"start":{"line":320,"column":7},"end":{"line":323,"column":9}},"135":{"start":{"line":325,"column":7},"end":{"line":325,"column":39}},"136":{"start":{"line":335,"column":0},"end":{"line":364,"column":1}},"137":{"start":{"line":337,"column":1},"end":{"line":337,"column":49}},"138":{"start":{"line":340,"column":1},"end":{"line":363,"column":4}},"139":{"start":{"line":341,"column":2},"end":{"line":362,"column":3}},"140":{"start":{"line":342,"column":3},"end":{"line":361,"column":4}},"141":{"start":{"line":343,"column":4},"end":{"line":343,"column":57}},"142":{"start":{"line":344,"column":4},"end":{"line":344,"column":14}},"143":{"start":{"line":346,"column":4},"end":{"line":346,"column":27}},"144":{"start":{"line":347,"column":4},"end":{"line":358,"column":5}},"145":{"start":{"line":348,"column":5},"end":{"line":348,"column":60}},"146":{"start":{"line":349,"column":5},"end":{"line":349,"column":56}},"147":{"start":{"line":350,"column":5},"end":{"line":357,"column":8}},"148":{"start":{"line":360,"column":4},"end":{"line":360,"column":28}},"149":{"start":{"line":369,"column":0},"end":{"line":371,"column":1}},"150":{"start":{"line":370,"column":4},"end":{"line":370,"column":47}},"151":{"start":{"line":373,"column":0},"end":{"line":373,"column":24}}},"branchMap":{"1":{"line":21,"type":"if","locations":[{"start":{"line":21,"column":2},"end":{"line":21,"column":2}},{"start":{"line":21,"column":2},"end":{"line":21,"column":2}}]},"2":{"line":54,"type":"if","locations":[{"start":{"line":54,"column":2},"end":{"line":54,"column":2}},{"start":{"line":54,"column":2},"end":{"line":54,"column":2}}]},"3":{"line":63,"type":"if","locations":[{"start":{"line":63,"column":2},"end":{"line":63,"column":2}},{"start":{"line":63,"column":2},"end":{"line":63,"column":2}}]},"4":{"line":74,"type":"cond-expr","locations":[{"start":{"line":75,"column":6},"end":{"line":78,"column":63}},{"start":{"line":79,"column":5},"end":{"line":81,"column":64}}]},"5":{"line":84,"type":"if","locations":[{"start":{"line":84,"column":2},"end":{"line":84,"column":2}},{"start":{"line":84,"column":2},"end":{"line":84,"column":2}}]},"6":{"line":99,"type":"if","locations":[{"start":{"line":99,"column":2},"end":{"line":99,"column":2}},{"start":{"line":99,"column":2},"end":{"line":99,"column":2}}]},"7":{"line":106,"type":"if","locations":[{"start":{"line":106,"column":4},"end":{"line":106,"column":4}},{"start":{"line":106,"column":4},"end":{"line":106,"column":4}}]},"8":{"line":125,"type":"if","locations":[{"start":{"line":125,"column":2},"end":{"line":125,"column":2}},{"start":{"line":125,"column":2},"end":{"line":125,"column":2}}]},"9":{"line":142,"type":"if","locations":[{"start":{"line":142,"column":2},"end":{"line":142,"column":2}},{"start":{"line":142,"column":2},"end":{"line":142,"column":2}}]},"10":{"line":160,"type":"if","locations":[{"start":{"line":160,"column":2},"end":{"line":160,"column":2}},{"start":{"line":160,"column":2},"end":{"line":160,"column":2}}]},"11":{"line":176,"type":"if","locations":[{"start":{"line":176,"column":2},"end":{"line":176,"column":2}},{"start":{"line":176,"column":2},"end":{"line":176,"column":2}}]},"12":{"line":204,"type":"if","locations":[{"start":{"line":204,"column":2},"end":{"line":204,"column":2}},{"start":{"line":204,"column":2},"end":{"line":204,"column":2}}]},"13":{"line":230,"type":"if","locations":[{"start":{"line":230,"column":2},"end":{"line":230,"column":2}},{"start":{"line":230,"column":2},"end":{"line":230,"column":2}}]},"14":{"line":238,"type":"if","locations":[{"start":{"line":238,"column":5},"end":{"line":238,"column":5}},{"start":{"line":238,"column":5},"end":{"line":238,"column":5}}]},"15":{"line":242,"type":"if","locations":[{"start":{"line":242,"column":4},"end":{"line":242,"column":4}},{"start":{"line":242,"column":4},"end":{"line":242,"column":4}}]},"16":{"line":263,"type":"if","locations":[{"start":{"line":263,"column":2},"end":{"line":263,"column":2}},{"start":{"line":263,"column":2},"end":{"line":263,"column":2}}]},"17":{"line":281,"type":"if","locations":[{"start":{"line":281,"column":4},"end":{"line":281,"column":4}},{"start":{"line":281,"column":4},"end":{"line":281,"column":4}}]},"18":{"line":341,"type":"if","locations":[{"start":{"line":341,"column":2},"end":{"line":341,"column":2}},{"start":{"line":341,"column":2},"end":{"line":341,"column":2}}]},"19":{"line":342,"type":"if","locations":[{"start":{"line":342,"column":3},"end":{"line":342,"column":3}},{"start":{"line":342,"column":3},"end":{"line":342,"column":3}}]}}},"/Users/tadecker/Documents/2015springTeam17/src/routes/search.js":{"path":"/Users/tadecker/Documents/2015springTeam17/src/routes/search.js","s":{"1":1,"2":1,"3":1,"4":1,"5":1,"6":1,"7":3,"8":3,"9":3,"10":4,"11":1,"12":1,"13":3,"14":3,"15":126079,"16":126079,"17":933488,"18":933488,"19":8,"20":8,"21":126078,"22":126070,"23":126070,"24":2,"25":2,"26":8,"27":2,"28":2,"29":0,"30":0,"31":2,"32":1,"33":1,"34":1,"35":1,"36":1,"37":1,"38":1,"39":1,"40":0,"41":1,"42":1,"43":8,"44":1,"45":7,"46":1,"47":1,"48":1,"49":0,"50":0,"51":1,"52":1,"53":106,"54":106,"55":106,"56":1,"57":1,"58":1,"59":0,"60":1,"61":1,"62":1,"63":106,"64":106,"65":106,"66":4785,"67":43,"68":4785,"69":86,"70":106,"71":63,"72":106,"73":20,"74":1,"75":83,"76":1,"77":82,"78":1,"79":1,"80":1,"81":0,"82":0,"83":1,"84":1,"85":83,"86":1,"87":1},"b":{"1":[1,3],"2":[933488,0],"3":[8,933479],"4":[126070,8],"5":[0,2],"6":[1,1],"7":[1,0],"8":[0,1],"9":[1,7],"10":[0,1],"11":[0,1],"12":[43,4742],"13":[86,4699],"14":[63,43],"15":[20,86],"16":[1,82],"17":[0,1]},"f":{"1":3,"2":4,"3":1,"4":1,"5":1,"6":1,"7":1,"8":1},"fnMap":{"1":{"name":"(anonymous_1)","line":10,"loc":{"start":{"line":10,"column":22},"end":{"line":10,"column":45}}},"2":{"name":"(anonymous_2)","line":13,"loc":{"start":{"line":13,"column":33},"end":{"line":13,"column":57}}},"3":{"name":"(anonymous_3)","line":55,"loc":{"start":{"line":55,"column":51},"end":{"line":55,"column":80}}},"4":{"name":"(anonymous_4)","line":56,"loc":{"start":{"line":56,"column":68},"end":{"line":56,"column":88}}},"5":{"name":"getAllNodeRelationships","line":75,"loc":{"start":{"line":75,"column":0},"end":{"line":75,"column":50}}},"6":{"name":"(anonymous_6)","line":89,"loc":{"start":{"line":89,"column":22},"end":{"line":89,"column":45}}},"7":{"name":"getNodesBasedOnRelationships","line":114,"loc":{"start":{"line":114,"column":0},"end":{"line":114,"column":56}}},"8":{"name":"(anonymous_8)","line":148,"loc":{"start":{"line":148,"column":22},"end":{"line":148,"column":45}}}},"statementMap":{"1":{"start":{"line":2,"column":0},"end":{"line":2,"column":29}},"2":{"start":{"line":3,"column":0},"end":{"line":3,"column":58}},"3":{"start":{"line":5,"column":0},"end":{"line":5,"column":33}},"4":{"start":{"line":6,"column":0},"end":{"line":6,"column":30}},"5":{"start":{"line":8,"column":0},"end":{"line":8,"column":19}},"6":{"start":{"line":10,"column":0},"end":{"line":73,"column":3}},"7":{"start":{"line":11,"column":4},"end":{"line":11,"column":34}},"8":{"start":{"line":12,"column":4},"end":{"line":12,"column":34}},"9":{"start":{"line":13,"column":4},"end":{"line":72,"column":7}},"10":{"start":{"line":14,"column":8},"end":{"line":71,"column":9}},"11":{"start":{"line":15,"column":12},"end":{"line":15,"column":29}},"12":{"start":{"line":16,"column":12},"end":{"line":16,"column":70}},"13":{"start":{"line":18,"column":12},"end":{"line":18,"column":32}},"14":{"start":{"line":20,"column":12},"end":{"line":35,"column":13}},"15":{"start":{"line":21,"column":16},"end":{"line":21,"column":34}},"16":{"start":{"line":23,"column":16},"end":{"line":30,"column":17}},"17":{"start":{"line":24,"column":20},"end":{"line":29,"column":21}},"18":{"start":{"line":25,"column":24},"end":{"line":28,"column":25}},"19":{"start":{"line":26,"column":28},"end":{"line":26,"column":41}},"20":{"start":{"line":27,"column":28},"end":{"line":27,"column":34}},"21":{"start":{"line":31,"column":16},"end":{"line":34,"column":17}},"22":{"start":{"line":32,"column":20},"end":{"line":32,"column":39}},"23":{"start":{"line":33,"column":20},"end":{"line":33,"column":24}},"24":{"start":{"line":36,"column":12},"end":{"line":36,"column":31}},"25":{"start":{"line":37,"column":12},"end":{"line":48,"column":13}},"26":{"start":{"line":38,"column":16},"end":{"line":46,"column":19}},"27":{"start":{"line":49,"column":12},"end":{"line":49,"column":42}},"28":{"start":{"line":50,"column":12},"end":{"line":53,"column":13}},"29":{"start":{"line":51,"column":16},"end":{"line":51,"column":52}},"30":{"start":{"line":52,"column":16},"end":{"line":52,"column":23}},"31":{"start":{"line":54,"column":12},"end":{"line":68,"column":13}},"32":{"start":{"line":55,"column":16},"end":{"line":64,"column":19}},"33":{"start":{"line":56,"column":20},"end":{"line":63,"column":23}},"34":{"start":{"line":57,"column":24},"end":{"line":61,"column":26}},"35":{"start":{"line":62,"column":24},"end":{"line":62,"column":40}},"36":{"start":{"line":66,"column":16},"end":{"line":66,"column":55}},"37":{"start":{"line":67,"column":16},"end":{"line":67,"column":23}},"38":{"start":{"line":75,"column":0},"end":{"line":112,"column":1}},"39":{"start":{"line":76,"column":4},"end":{"line":78,"column":5}},"40":{"start":{"line":77,"column":8},"end":{"line":77,"column":21}},"41":{"start":{"line":79,"column":4},"end":{"line":79,"column":28}},"42":{"start":{"line":80,"column":4},"end":{"line":86,"column":5}},"43":{"start":{"line":81,"column":8},"end":{"line":85,"column":9}},"44":{"start":{"line":82,"column":12},"end":{"line":82,"column":35}},"45":{"start":{"line":84,"column":12},"end":{"line":84,"column":41}},"46":{"start":{"line":87,"column":4},"end":{"line":87,"column":39}},"47":{"start":{"line":89,"column":4},"end":{"line":111,"column":7}},"48":{"start":{"line":90,"column":8},"end":{"line":110,"column":9}},"49":{"start":{"line":91,"column":12},"end":{"line":91,"column":29}},"50":{"start":{"line":92,"column":12},"end":{"line":92,"column":19}},"51":{"start":{"line":94,"column":12},"end":{"line":94,"column":35}},"52":{"start":{"line":95,"column":12},"end":{"line":106,"column":13}},"53":{"start":{"line":96,"column":16},"end":{"line":96,"column":71}},"54":{"start":{"line":97,"column":16},"end":{"line":97,"column":67}},"55":{"start":{"line":98,"column":16},"end":{"line":105,"column":19}},"56":{"start":{"line":108,"column":12},"end":{"line":108,"column":36}},"57":{"start":{"line":114,"column":0},"end":{"line":172,"column":1}},"58":{"start":{"line":115,"column":4},"end":{"line":117,"column":5}},"59":{"start":{"line":116,"column":8},"end":{"line":116,"column":21}},"60":{"start":{"line":118,"column":4},"end":{"line":118,"column":28}},"61":{"start":{"line":119,"column":4},"end":{"line":119,"column":21}},"62":{"start":{"line":120,"column":4},"end":{"line":137,"column":5}},"63":{"start":{"line":121,"column":8},"end":{"line":121,"column":32}},"64":{"start":{"line":122,"column":8},"end":{"line":122,"column":32}},"65":{"start":{"line":123,"column":8},"end":{"line":130,"column":9}},"66":{"start":{"line":124,"column":12},"end":{"line":126,"column":13}},"67":{"start":{"line":125,"column":16},"end":{"line":125,"column":35}},"68":{"start":{"line":127,"column":12},"end":{"line":129,"column":13}},"69":{"start":{"line":128,"column":16},"end":{"line":128,"column":35}},"70":{"start":{"line":131,"column":8},"end":{"line":133,"column":9}},"71":{"start":{"line":132,"column":12},"end":{"line":132,"column":42}},"72":{"start":{"line":134,"column":8},"end":{"line":136,"column":9}},"73":{"start":{"line":135,"column":12},"end":{"line":135,"column":42}},"74":{"start":{"line":138,"column":4},"end":{"line":144,"column":5}},"75":{"start":{"line":139,"column":8},"end":{"line":143,"column":9}},"76":{"start":{"line":140,"column":12},"end":{"line":140,"column":34}},"77":{"start":{"line":142,"column":12},"end":{"line":142,"column":40}},"78":{"start":{"line":146,"column":4},"end":{"line":146,"column":22}},"79":{"start":{"line":148,"column":4},"end":{"line":170,"column":7}},"80":{"start":{"line":149,"column":8},"end":{"line":169,"column":9}},"81":{"start":{"line":150,"column":12},"end":{"line":150,"column":29}},"82":{"start":{"line":151,"column":12},"end":{"line":151,"column":19}},"83":{"start":{"line":153,"column":12},"end":{"line":153,"column":31}},"84":{"start":{"line":154,"column":12},"end":{"line":165,"column":13}},"85":{"start":{"line":155,"column":16},"end":{"line":163,"column":19}},"86":{"start":{"line":167,"column":12},"end":{"line":167,"column":32}},"87":{"start":{"line":174,"column":0},"end":{"line":174,"column":24}}},"branchMap":{"1":{"line":14,"type":"if","locations":[{"start":{"line":14,"column":8},"end":{"line":14,"column":8}},{"start":{"line":14,"column":8},"end":{"line":14,"column":8}}]},"2":{"line":24,"type":"if","locations":[{"start":{"line":24,"column":20},"end":{"line":24,"column":20}},{"start":{"line":24,"column":20},"end":{"line":24,"column":20}}]},"3":{"line":25,"type":"if","locations":[{"start":{"line":25,"column":24},"end":{"line":25,"column":24}},{"start":{"line":25,"column":24},"end":{"line":25,"column":24}}]},"4":{"line":31,"type":"if","locations":[{"start":{"line":31,"column":16},"end":{"line":31,"column":16}},{"start":{"line":31,"column":16},"end":{"line":31,"column":16}}]},"5":{"line":50,"type":"if","locations":[{"start":{"line":50,"column":12},"end":{"line":50,"column":12}},{"start":{"line":50,"column":12},"end":{"line":50,"column":12}}]},"6":{"line":54,"type":"if","locations":[{"start":{"line":54,"column":12},"end":{"line":54,"column":12}},{"start":{"line":54,"column":12},"end":{"line":54,"column":12}}]},"7":{"line":58,"type":"cond-expr","locations":[{"start":{"line":58,"column":61},"end":{"line":58,"column":69}},{"start":{"line":58,"column":71},"end":{"line":58,"column":80}}]},"8":{"line":76,"type":"if","locations":[{"start":{"line":76,"column":4},"end":{"line":76,"column":4}},{"start":{"line":76,"column":4},"end":{"line":76,"column":4}}]},"9":{"line":81,"type":"if","locations":[{"start":{"line":81,"column":8},"end":{"line":81,"column":8}},{"start":{"line":81,"column":8},"end":{"line":81,"column":8}}]},"10":{"line":90,"type":"if","locations":[{"start":{"line":90,"column":8},"end":{"line":90,"column":8}},{"start":{"line":90,"column":8},"end":{"line":90,"column":8}}]},"11":{"line":115,"type":"if","locations":[{"start":{"line":115,"column":4},"end":{"line":115,"column":4}},{"start":{"line":115,"column":4},"end":{"line":115,"column":4}}]},"12":{"line":124,"type":"if","locations":[{"start":{"line":124,"column":12},"end":{"line":124,"column":12}},{"start":{"line":124,"column":12},"end":{"line":124,"column":12}}]},"13":{"line":127,"type":"if","locations":[{"start":{"line":127,"column":12},"end":{"line":127,"column":12}},{"start":{"line":127,"column":12},"end":{"line":127,"column":12}}]},"14":{"line":131,"type":"if","locations":[{"start":{"line":131,"column":8},"end":{"line":131,"column":8}},{"start":{"line":131,"column":8},"end":{"line":131,"column":8}}]},"15":{"line":134,"type":"if","locations":[{"start":{"line":134,"column":8},"end":{"line":134,"column":8}},{"start":{"line":134,"column":8},"end":{"line":134,"column":8}}]},"16":{"line":139,"type":"if","locations":[{"start":{"line":139,"column":8},"end":{"line":139,"column":8}},{"start":{"line":139,"column":8},"end":{"line":139,"column":8}}]},"17":{"line":149,"type":"if","locations":[{"start":{"line":149,"column":8},"end":{"line":149,"column":8}},{"start":{"line":149,"column":8},"end":{"line":149,"column":8}}]}}},"/Users/tadecker/Documents/2015springTeam17/src/routes/advMode.js":{"path":"/Users/tadecker/Documents/2015springTeam17/src/routes/advMode.js","s":{"1":1,"2":1,"3":1,"4":1,"5":1,"6":2,"7":2,"8":2,"9":2,"10":1,"11":1,"12":1,"13":1,"14":1,"15":1,"16":1},"b":{"1":[1,1]},"f":{"1":2,"2":2},"fnMap":{"1":{"name":"(anonymous_1)","line":8,"loc":{"start":{"line":8,"column":23},"end":{"line":8,"column":46}}},"2":{"name":"(anonymous_2)","line":11,"loc":{"start":{"line":11,"column":19},"end":{"line":11,"column":43}}}},"statementMap":{"1":{"start":{"line":2,"column":0},"end":{"line":2,"column":29}},"2":{"start":{"line":3,"column":0},"end":{"line":3,"column":58}},"3":{"start":{"line":5,"column":0},"end":{"line":5,"column":33}},"4":{"start":{"line":6,"column":0},"end":{"line":6,"column":30}},"5":{"start":{"line":8,"column":0},"end":{"line":22,"column":3}},"6":{"start":{"line":9,"column":2},"end":{"line":9,"column":32}},"7":{"start":{"line":10,"column":2},"end":{"line":10,"column":32}},"8":{"start":{"line":11,"column":2},"end":{"line":21,"column":5}},"9":{"start":{"line":12,"column":6},"end":{"line":20,"column":7}},"10":{"start":{"line":13,"column":10},"end":{"line":13,"column":27}},"11":{"start":{"line":14,"column":10},"end":{"line":14,"column":68}},"12":{"start":{"line":16,"column":10},"end":{"line":16,"column":53}},"13":{"start":{"line":17,"column":10},"end":{"line":17,"column":59}},"14":{"start":{"line":18,"column":10},"end":{"line":18,"column":43}},"15":{"start":{"line":19,"column":10},"end":{"line":19,"column":34}},"16":{"start":{"line":24,"column":0},"end":{"line":24,"column":24}}},"branchMap":{"1":{"line":12,"type":"if","locations":[{"start":{"line":12,"column":6},"end":{"line":12,"column":6}},{"start":{"line":12,"column":6},"end":{"line":12,"column":6}}]}}},"/Users/tadecker/Documents/2015springTeam17/src/routes/shortestPath.js":{"path":"/Users/tadecker/Documents/2015springTeam17/src/routes/shortestPath.js","s":{"1":1,"2":1,"3":1,"4":1,"5":1,"6":0,"7":0,"8":0,"9":0,"10":0,"11":0,"12":0,"13":0,"14":0,"15":0,"16":0,"17":0,"18":0,"19":0,"20":0,"21":0,"22":0,"23":0,"24":0,"25":0,"26":0,"27":0,"28":0,"29":0,"30":0,"31":0,"32":0,"33":0,"34":0,"35":1},"b":{"1":[0,0],"2":[0,0],"3":[0,0],"4":[0,0],"5":[0,0],"6":[0,0],"7":[0,0]},"f":{"1":0,"2":0,"3":0,"4":0,"5":0,"6":0,"7":0},"fnMap":{"1":{"name":"(anonymous_1)","line":8,"loc":{"start":{"line":8,"column":47},"end":{"line":8,"column":70}}},"2":{"name":"(anonymous_2)","line":14,"loc":{"start":{"line":14,"column":16},"end":{"line":14,"column":40}}},"3":{"name":"(anonymous_3)","line":20,"loc":{"start":{"line":20,"column":28},"end":{"line":20,"column":55}}},"4":{"name":"(anonymous_4)","line":22,"loc":{"start":{"line":22,"column":50},"end":{"line":22,"column":77}}},"5":{"name":"(anonymous_5)","line":24,"loc":{"start":{"line":24,"column":38},"end":{"line":24,"column":65}}},"6":{"name":"(anonymous_6)","line":43,"loc":{"start":{"line":43,"column":49},"end":{"line":43,"column":76}}},"7":{"name":"(anonymous_7)","line":45,"loc":{"start":{"line":45,"column":37},"end":{"line":45,"column":64}}}},"statementMap":{"1":{"start":{"line":2,"column":0},"end":{"line":2,"column":29}},"2":{"start":{"line":3,"column":0},"end":{"line":3,"column":58}},"3":{"start":{"line":5,"column":0},"end":{"line":5,"column":33}},"4":{"start":{"line":6,"column":0},"end":{"line":6,"column":30}},"5":{"start":{"line":8,"column":0},"end":{"line":72,"column":3}},"6":{"start":{"line":9,"column":2},"end":{"line":9,"column":39}},"7":{"start":{"line":10,"column":2},"end":{"line":10,"column":35}},"8":{"start":{"line":11,"column":2},"end":{"line":13,"column":36}},"9":{"start":{"line":14,"column":4},"end":{"line":71,"column":7}},"10":{"start":{"line":15,"column":8},"end":{"line":70,"column":9}},"11":{"start":{"line":16,"column":12},"end":{"line":16,"column":29}},"12":{"start":{"line":17,"column":12},"end":{"line":17,"column":70}},"13":{"start":{"line":19,"column":12},"end":{"line":19,"column":37}},"14":{"start":{"line":20,"column":12},"end":{"line":64,"column":15}},"15":{"start":{"line":21,"column":16},"end":{"line":41,"column":17}},"16":{"start":{"line":22,"column":20},"end":{"line":40,"column":23}},"17":{"start":{"line":23,"column":24},"end":{"line":23,"column":58}},"18":{"start":{"line":24,"column":24},"end":{"line":28,"column":27}},"19":{"start":{"line":25,"column":28},"end":{"line":27,"column":29}},"20":{"start":{"line":26,"column":32},"end":{"line":26,"column":61}},"21":{"start":{"line":29,"column":24},"end":{"line":39,"column":25}},"22":{"start":{"line":30,"column":28},"end":{"line":38,"column":31}},"23":{"start":{"line":42,"column":16},"end":{"line":63,"column":17}},"24":{"start":{"line":43,"column":20},"end":{"line":62,"column":23}},"25":{"start":{"line":44,"column":24},"end":{"line":44,"column":57}},"26":{"start":{"line":45,"column":24},"end":{"line":49,"column":27}},"27":{"start":{"line":46,"column":28},"end":{"line":48,"column":29}},"28":{"start":{"line":47,"column":32},"end":{"line":47,"column":60}},"29":{"start":{"line":50,"column":24},"end":{"line":61,"column":25}},"30":{"start":{"line":51,"column":28},"end":{"line":51,"column":80}},"31":{"start":{"line":52,"column":28},"end":{"line":52,"column":76}},"32":{"start":{"line":53,"column":28},"end":{"line":60,"column":31}},"33":{"start":{"line":65,"column":12},"end":{"line":68,"column":14}},"34":{"start":{"line":69,"column":12},"end":{"line":69,"column":28}},"35":{"start":{"line":74,"column":0},"end":{"line":74,"column":24}}},"branchMap":{"1":{"line":15,"type":"if","locations":[{"start":{"line":15,"column":8},"end":{"line":15,"column":8}},{"start":{"line":15,"column":8},"end":{"line":15,"column":8}}]},"2":{"line":21,"type":"if","locations":[{"start":{"line":21,"column":16},"end":{"line":21,"column":16}},{"start":{"line":21,"column":16},"end":{"line":21,"column":16}}]},"3":{"line":25,"type":"if","locations":[{"start":{"line":25,"column":28},"end":{"line":25,"column":28}},{"start":{"line":25,"column":28},"end":{"line":25,"column":28}}]},"4":{"line":29,"type":"if","locations":[{"start":{"line":29,"column":24},"end":{"line":29,"column":24}},{"start":{"line":29,"column":24},"end":{"line":29,"column":24}}]},"5":{"line":42,"type":"if","locations":[{"start":{"line":42,"column":16},"end":{"line":42,"column":16}},{"start":{"line":42,"column":16},"end":{"line":42,"column":16}}]},"6":{"line":46,"type":"if","locations":[{"start":{"line":46,"column":28},"end":{"line":46,"column":28}},{"start":{"line":46,"column":28},"end":{"line":46,"column":28}}]},"7":{"line":50,"type":"if","locations":[{"start":{"line":50,"column":24},"end":{"line":50,"column":24}},{"start":{"line":50,"column":24},"end":{"line":50,"column":24}}]}}}}