{"/Users/tadecker/Documents/2015springTeam17/src/app.js":{"path":"/Users/tadecker/Documents/2015springTeam17/src/app.js","s":{"1":1,"2":1,"3":1,"4":1,"5":1,"6":1,"7":1,"8":1,"9":1,"10":1,"11":1,"12":1,"13":1,"14":1,"15":1,"16":1,"17":1,"18":1,"19":1,"20":1,"21":0,"22":0,"23":0,"24":1,"25":1,"26":0,"27":0,"28":1,"29":0,"30":0,"31":1},"b":{"1":[1,0],"2":[0,0],"3":[0,0]},"f":{"1":0,"2":0,"3":0},"fnMap":{"1":{"name":"(anonymous_1)","line":30,"loc":{"start":{"line":30,"column":8},"end":{"line":30,"column":33}}},"2":{"name":"(anonymous_2)","line":41,"loc":{"start":{"line":41,"column":12},"end":{"line":41,"column":42}}},"3":{"name":"(anonymous_3)","line":52,"loc":{"start":{"line":52,"column":8},"end":{"line":52,"column":38}}}},"statementMap":{"1":{"start":{"line":1,"column":0},"end":{"line":1,"column":33}},"2":{"start":{"line":2,"column":0},"end":{"line":2,"column":27}},"3":{"start":{"line":3,"column":0},"end":{"line":3,"column":39}},"4":{"start":{"line":4,"column":0},"end":{"line":4,"column":31}},"5":{"start":{"line":5,"column":0},"end":{"line":5,"column":44}},"6":{"start":{"line":6,"column":0},"end":{"line":6,"column":40}},"7":{"start":{"line":8,"column":0},"end":{"line":8,"column":39}},"8":{"start":{"line":9,"column":0},"end":{"line":9,"column":38}},"9":{"start":{"line":11,"column":0},"end":{"line":11,"column":20}},"10":{"start":{"line":12,"column":0},"end":{"line":12,"column":17}},"11":{"start":{"line":15,"column":0},"end":{"line":15,"column":48}},"12":{"start":{"line":16,"column":0},"end":{"line":16,"column":31}},"13":{"start":{"line":20,"column":0},"end":{"line":20,"column":23}},"14":{"start":{"line":21,"column":0},"end":{"line":21,"column":27}},"15":{"start":{"line":22,"column":0},"end":{"line":22,"column":52}},"16":{"start":{"line":23,"column":0},"end":{"line":23,"column":24}},"17":{"start":{"line":24,"column":0},"end":{"line":24,"column":56}},"18":{"start":{"line":26,"column":0},"end":{"line":26,"column":21}},"19":{"start":{"line":27,"column":0},"end":{"line":27,"column":25}},"20":{"start":{"line":30,"column":0},"end":{"line":34,"column":3}},"21":{"start":{"line":31,"column":4},"end":{"line":31,"column":37}},"22":{"start":{"line":32,"column":4},"end":{"line":32,"column":21}},"23":{"start":{"line":33,"column":4},"end":{"line":33,"column":14}},"24":{"start":{"line":40,"column":0},"end":{"line":48,"column":1}},"25":{"start":{"line":41,"column":4},"end":{"line":47,"column":7}},"26":{"start":{"line":42,"column":8},"end":{"line":42,"column":38}},"27":{"start":{"line":43,"column":8},"end":{"line":46,"column":11}},"28":{"start":{"line":52,"column":0},"end":{"line":58,"column":3}},"29":{"start":{"line":53,"column":4},"end":{"line":53,"column":34}},"30":{"start":{"line":54,"column":4},"end":{"line":57,"column":7}},"31":{"start":{"line":61,"column":0},"end":{"line":61,"column":21}}},"branchMap":{"1":{"line":40,"type":"if","locations":[{"start":{"line":40,"column":0},"end":{"line":40,"column":0}},{"start":{"line":40,"column":0},"end":{"line":40,"column":0}}]},"2":{"line":42,"type":"binary-expr","locations":[{"start":{"line":42,"column":19},"end":{"line":42,"column":29}},{"start":{"line":42,"column":33},"end":{"line":42,"column":36}}]},"3":{"line":53,"type":"binary-expr","locations":[{"start":{"line":53,"column":15},"end":{"line":53,"column":25}},{"start":{"line":53,"column":29},"end":{"line":53,"column":32}}]}}},"/Users/tadecker/Documents/2015springTeam17/src/routes/index.js":{"path":"/Users/tadecker/Documents/2015springTeam17/src/routes/index.js","s":{"1":1,"2":1,"3":1,"4":1,"5":1,"6":1,"7":1,"8":2,"9":2,"10":2,"11":0,"12":2,"13":2,"14":22,"15":2,"16":2,"17":2,"18":1,"19":0,"20":0,"21":0,"22":0,"23":0,"24":0,"25":0,"26":0,"27":0,"28":0,"29":0,"30":1,"31":2,"32":2,"33":2,"34":2,"35":0,"36":0,"37":2,"38":2,"39":16,"40":16,"41":16,"42":2,"43":1},"b":{"1":[0,2],"2":[0,0],"3":[2,0],"4":[0,2]},"f":{"1":1,"2":2,"3":2,"4":2,"5":0,"6":0,"7":0,"8":0,"9":2,"10":2},"fnMap":{"1":{"name":"(anonymous_1)","line":10,"loc":{"start":{"line":10,"column":16},"end":{"line":10,"column":41}}},"2":{"name":"(anonymous_2)","line":15,"loc":{"start":{"line":15,"column":21},"end":{"line":15,"column":46}}},"3":{"name":"(anonymous_3)","line":20,"loc":{"start":{"line":20,"column":23},"end":{"line":20,"column":46}}},"4":{"name":"(anonymous_4)","line":36,"loc":{"start":{"line":36,"column":68},"end":{"line":36,"column":97}}},"5":{"name":"(anonymous_5)","line":51,"loc":{"start":{"line":51,"column":24},"end":{"line":51,"column":49}}},"6":{"name":"(anonymous_6)","line":53,"loc":{"start":{"line":53,"column":25},"end":{"line":53,"column":42}}},"7":{"name":"(anonymous_7)","line":56,"loc":{"start":{"line":56,"column":24},"end":{"line":56,"column":36}}},"8":{"name":"(anonymous_8)","line":59,"loc":{"start":{"line":59,"column":12},"end":{"line":59,"column":27}}},"9":{"name":"getAllRelationships","line":70,"loc":{"start":{"line":70,"column":0},"end":{"line":70,"column":56}}},"10":{"name":"(anonymous_10)","line":75,"loc":{"start":{"line":75,"column":23},"end":{"line":75,"column":46}}}},"statementMap":{"1":{"start":{"line":2,"column":0},"end":{"line":2,"column":29}},"2":{"start":{"line":3,"column":0},"end":{"line":3,"column":58}},"3":{"start":{"line":5,"column":0},"end":{"line":5,"column":33}},"4":{"start":{"line":6,"column":0},"end":{"line":6,"column":30}},"5":{"start":{"line":10,"column":0},"end":{"line":12,"column":3}},"6":{"start":{"line":11,"column":1},"end":{"line":11,"column":44}},"7":{"start":{"line":15,"column":0},"end":{"line":48,"column":3}},"8":{"start":{"line":17,"column":1},"end":{"line":17,"column":34}},"9":{"start":{"line":20,"column":1},"end":{"line":47,"column":4}},"10":{"start":{"line":21,"column":2},"end":{"line":46,"column":3}},"11":{"start":{"line":22,"column":3},"end":{"line":22,"column":61}},"12":{"start":{"line":24,"column":3},"end":{"line":24,"column":22}},"13":{"start":{"line":25,"column":3},"end":{"line":35,"column":4}},"14":{"start":{"line":26,"column":4},"end":{"line":33,"column":7}},"15":{"start":{"line":36,"column":3},"end":{"line":43,"column":6}},"16":{"start":{"line":37,"column":4},"end":{"line":40,"column":6}},"17":{"start":{"line":42,"column":4},"end":{"line":42,"column":36}},"18":{"start":{"line":51,"column":0},"end":{"line":68,"column":3}},"19":{"start":{"line":52,"column":1},"end":{"line":52,"column":19}},"20":{"start":{"line":53,"column":1},"end":{"line":55,"column":4}},"21":{"start":{"line":54,"column":2},"end":{"line":54,"column":20}},"22":{"start":{"line":56,"column":1},"end":{"line":67,"column":4}},"23":{"start":{"line":57,"column":2},"end":{"line":57,"column":34}},"24":{"start":{"line":58,"column":2},"end":{"line":58,"column":48}},"25":{"start":{"line":59,"column":2},"end":{"line":66,"column":5}},"26":{"start":{"line":60,"column":3},"end":{"line":65,"column":4}},"27":{"start":{"line":61,"column":4},"end":{"line":61,"column":27}},"28":{"start":{"line":62,"column":4},"end":{"line":62,"column":14}},"29":{"start":{"line":64,"column":4},"end":{"line":64,"column":19}},"30":{"start":{"line":70,"column":0},"end":{"line":98,"column":1}},"31":{"start":{"line":72,"column":1},"end":{"line":72,"column":39}},"32":{"start":{"line":75,"column":1},"end":{"line":97,"column":4}},"33":{"start":{"line":76,"column":2},"end":{"line":96,"column":3}},"34":{"start":{"line":77,"column":3},"end":{"line":95,"column":4}},"35":{"start":{"line":78,"column":4},"end":{"line":79,"column":4}},"36":{"start":{"line":79,"column":4},"end":{"line":79,"column":14}},"37":{"start":{"line":81,"column":4},"end":{"line":81,"column":27}},"38":{"start":{"line":82,"column":4},"end":{"line":92,"column":5}},"39":{"start":{"line":83,"column":5},"end":{"line":83,"column":60}},"40":{"start":{"line":84,"column":5},"end":{"line":84,"column":56}},"41":{"start":{"line":85,"column":5},"end":{"line":91,"column":8}},"42":{"start":{"line":94,"column":4},"end":{"line":94,"column":28}},"43":{"start":{"line":100,"column":0},"end":{"line":100,"column":24}}},"branchMap":{"1":{"line":21,"type":"if","locations":[{"start":{"line":21,"column":2},"end":{"line":21,"column":2}},{"start":{"line":21,"column":2},"end":{"line":21,"column":2}}]},"2":{"line":60,"type":"if","locations":[{"start":{"line":60,"column":3},"end":{"line":60,"column":3}},{"start":{"line":60,"column":3},"end":{"line":60,"column":3}}]},"3":{"line":76,"type":"if","locations":[{"start":{"line":76,"column":2},"end":{"line":76,"column":2}},{"start":{"line":76,"column":2},"end":{"line":76,"column":2}}]},"4":{"line":77,"type":"if","locations":[{"start":{"line":77,"column":3},"end":{"line":77,"column":3}},{"start":{"line":77,"column":3},"end":{"line":77,"column":3}}]}}},"/Users/tadecker/Documents/2015springTeam17/src/routes/users.js":{"path":"/Users/tadecker/Documents/2015springTeam17/src/routes/users.js","s":{"1":1,"2":1,"3":1,"4":0,"5":1},"b":{},"f":{"1":0},"fnMap":{"1":{"name":"(anonymous_1)","line":5,"loc":{"start":{"line":5,"column":16},"end":{"line":5,"column":41}}}},"statementMap":{"1":{"start":{"line":1,"column":0},"end":{"line":1,"column":33}},"2":{"start":{"line":2,"column":0},"end":{"line":2,"column":30}},"3":{"start":{"line":5,"column":0},"end":{"line":7,"column":3}},"4":{"start":{"line":6,"column":2},"end":{"line":6,"column":38}},"5":{"start":{"line":9,"column":0},"end":{"line":9,"column":24}}},"branchMap":{}}}