TN:
SF:/Users/tadecker/Documents/Columbus/src/app.js
FN:10,start
FN:13,(anonymous_2)
FN:30,stop
FNF:3
FNH:3
FNDA:1,start
FNDA:4,(anonymous_2)
FNDA:1,stop
DA:1,1
DA:2,1
DA:3,1
DA:4,1
DA:5,1
DA:7,1
DA:10,1
DA:13,1
DA:15,4
DA:18,4
DA:25,1
DA:27,1
DA:30,1
DA:31,1
DA:35,1
DA:36,1
LF:16
LH:16
BRF:0
BRH:0
end_of_record
TN:
SF:/Users/tadecker/Documents/Columbus/src/router.js
FN:2,route
FNF:1
FNH:1
FNDA:4,route
DA:2,1
DA:3,4
DA:6,4
DA:7,3
DA:9,1
DA:14,1
LF:6
LH:6
BRDA:6,1,0,3
BRDA:6,1,1,1
BRF:2
BRH:2
end_of_record
TN:
SF:/Users/tadecker/Documents/Columbus/src/requestHandlers.js
FN:6,start
FN:18,webroot
FN:53,graph
FN:58,(anonymous_4)
FN:75,(anonymous_5)
FN:90,addNode
FN:92,(anonymous_7)
FN:95,(anonymous_8)
FN:98,(anonymous_9)
FN:109,getAllRelationships
FN:114,(anonymous_11)
FNF:11
FNH:7
FNDA:1,start
FNDA:1,webroot
FNDA:2,graph
FNDA:2,(anonymous_4)
FNDA:2,(anonymous_5)
FNDA:0,addNode
FNDA:0,(anonymous_7)
FNDA:0,(anonymous_8)
FNDA:0,(anonymous_9)
FNDA:2,getAllRelationships
FNDA:2,(anonymous_11)
DA:1,1
DA:2,1
DA:3,1
DA:6,1
DA:9,1
DA:12,1
DA:13,1
DA:14,1
DA:18,1
DA:19,1
DA:21,1
DA:23,1
DA:25,1
DA:26,1
DA:27,0
DA:28,0
DA:32,1
DA:33,1
DA:35,0
DA:36,0
DA:49,1
DA:50,1
DA:53,1
DA:55,2
DA:58,2
DA:59,2
DA:60,0
DA:61,0
DA:63,2
DA:64,2
DA:65,26
DA:75,2
DA:76,2
DA:81,2
DA:82,2
DA:90,1
DA:91,0
DA:92,0
DA:93,0
DA:95,0
DA:96,0
DA:97,0
DA:98,0
DA:99,0
DA:100,0
DA:101,0
DA:103,0
DA:109,1
DA:111,2
DA:114,2
DA:115,2
DA:116,2
DA:117,0
DA:118,0
DA:120,2
DA:121,2
DA:122,2
DA:123,2
DA:124,2
DA:130,2
DA:138,1
DA:139,1
DA:140,1
DA:141,1
LF:64
LH:45
BRDA:21,1,0,1
BRDA:21,1,1,0
BRDA:21,2,0,1
BRDA:21,2,1,1
BRDA:25,3,0,1
BRDA:25,3,1,0
BRDA:27,4,0,0
BRDA:27,4,1,0
BRDA:59,5,0,0
BRDA:59,5,1,2
BRDA:99,6,0,0
BRDA:99,6,1,0
BRDA:115,7,0,2
BRDA:115,7,1,0
BRDA:116,8,0,0
BRDA:116,8,1,2
BRF:16
BRH:7
end_of_record
