TN:
SF:/Users/tadecker/Documents/2015springTeam17/src/app.js
FN:34,(anonymous_1)
FN:45,(anonymous_2)
FNF:2
FNH:2
FNDA:1,(anonymous_1)
FNDA:2,(anonymous_2)
DA:1,1
DA:2,1
DA:3,1
DA:4,1
DA:5,1
DA:6,1
DA:8,1
DA:9,1
DA:10,1
DA:11,1
DA:13,1
DA:14,1
DA:17,1
DA:18,1
DA:22,1
DA:23,1
DA:24,1
DA:25,1
DA:26,1
DA:28,1
DA:29,1
DA:30,1
DA:31,1
DA:34,1
DA:35,1
DA:36,1
DA:37,1
DA:44,1
DA:45,1
DA:46,2
DA:47,2
DA:64,1
LF:32
LH:32
BRDA:44,1,0,1
BRDA:44,1,1,0
BRDA:46,2,0,2
BRDA:46,2,1,1
BRF:4
BRH:3
end_of_record
TN:
SF:/Users/tadecker/Documents/2015springTeam17/src/routes/index.js
FN:10,(anonymous_1)
FN:15,(anonymous_2)
FN:20,(anonymous_3)
FN:37,(anonymous_4)
FN:52,(anonymous_5)
FN:62,(anonymous_6)
FN:73,(anonymous_7)
FN:83,(anonymous_8)
FN:94,(anonymous_9)
FN:98,(anonymous_10)
FN:105,(anonymous_11)
FN:120,(anonymous_12)
FN:124,(anonymous_13)
FN:135,(anonymous_14)
FN:141,(anonymous_15)
FN:153,(anonymous_16)
FN:159,(anonymous_17)
FN:171,(anonymous_18)
FN:175,(anonymous_19)
FN:199,(anonymous_20)
FN:203,(anonymous_21)
FN:227,(anonymous_22)
FN:229,(anonymous_23)
FN:253,(anonymous_24)
FN:262,(anonymous_25)
FN:280,(anonymous_26)
FN:335,getAllRelationships
FN:340,(anonymous_28)
FN:369,CleanJSONForNeo4j
FNF:29
FNH:29
FNDA:1,(anonymous_1)
FNDA:2,(anonymous_2)
FNDA:2,(anonymous_3)
FNDA:2,(anonymous_4)
FNDA:3,(anonymous_5)
FNDA:3,(anonymous_6)
FNDA:2,(anonymous_7)
FNDA:2,(anonymous_8)
FNDA:3,(anonymous_9)
FNDA:3,(anonymous_10)
FNDA:2,(anonymous_11)
FNDA:2,(anonymous_12)
FNDA:2,(anonymous_13)
FNDA:2,(anonymous_14)
FNDA:2,(anonymous_15)
FNDA:3,(anonymous_16)
FNDA:2,(anonymous_17)
FNDA:2,(anonymous_18)
FNDA:2,(anonymous_19)
FNDA:2,(anonymous_20)
FNDA:2,(anonymous_21)
FNDA:1,(anonymous_22)
FNDA:1,(anonymous_23)
FNDA:2,(anonymous_24)
FNDA:2,(anonymous_25)
FNDA:1,(anonymous_26)
FNDA:2,getAllRelationships
FNDA:2,(anonymous_28)
FNDA:6,CleanJSONForNeo4j
DA:2,1
DA:3,1
DA:5,1
DA:6,1
DA:10,1
DA:11,1
DA:15,1
DA:17,2
DA:20,2
DA:21,2
DA:22,0
DA:24,2
DA:25,2
DA:26,200
DA:37,2
DA:38,2
DA:43,2
DA:52,1
DA:53,3
DA:54,3
DA:55,2
DA:59,1
DA:62,3
DA:63,3
DA:64,1
DA:65,1
DA:67,2
DA:73,1
DA:74,2
DA:83,2
DA:84,2
DA:85,1
DA:86,1
DA:88,1
DA:94,1
DA:95,3
DA:97,3
DA:98,3
DA:99,3
DA:100,1
DA:101,1
DA:104,2
DA:105,2
DA:106,2
DA:107,0
DA:108,0
DA:110,2
DA:120,1
DA:121,2
DA:123,2
DA:124,2
DA:125,2
DA:126,1
DA:128,1
DA:135,1
DA:136,2
DA:137,2
DA:138,2
DA:140,2
DA:141,2
DA:142,2
DA:143,1
DA:144,1
DA:146,1
DA:153,1
DA:154,3
DA:155,2
DA:156,2
DA:158,2
DA:159,2
DA:160,2
DA:161,1
DA:162,1
DA:164,1
DA:171,1
DA:172,2
DA:173,2
DA:175,2
DA:176,2
DA:177,1
DA:178,1
DA:180,1
DA:181,1
DA:182,1
DA:193,1
DA:199,1
DA:200,2
DA:201,2
DA:203,2
DA:204,2
DA:205,1
DA:206,1
DA:208,1
DA:209,1
DA:210,1
DA:211,1
DA:212,1
DA:221,1
DA:227,1
DA:228,1
DA:229,1
DA:230,1
DA:231,0
DA:232,0
DA:234,1
DA:235,1
DA:236,5
DA:237,5
DA:238,7
DA:239,3
DA:242,5
DA:243,2
DA:246,1
DA:253,1
DA:254,2
DA:256,2
DA:260,2
DA:262,2
DA:263,2
DA:264,1
DA:265,1
DA:267,1
DA:268,1
DA:269,1
DA:280,1
DA:281,1
DA:282,0
DA:283,0
DA:285,1
DA:287,1
DA:288,1
DA:289,1
DA:290,1
DA:320,1
DA:325,1
DA:335,1
DA:337,2
DA:340,2
DA:341,2
DA:342,2
DA:343,0
DA:344,0
DA:346,2
DA:347,2
DA:348,200
DA:349,200
DA:350,200
DA:360,2
DA:369,1
DA:370,6
DA:373,1
LF:151
LH:142
BRDA:21,1,0,0
BRDA:21,1,1,2
BRDA:54,2,0,2
BRDA:54,2,1,1
BRDA:63,3,0,1
BRDA:63,3,1,2
BRDA:74,4,0,0
BRDA:74,4,1,2
BRDA:84,5,0,1
BRDA:84,5,1,1
BRDA:99,6,0,1
BRDA:99,6,1,2
BRDA:106,7,0,0
BRDA:106,7,1,2
BRDA:125,8,0,1
BRDA:125,8,1,1
BRDA:142,9,0,1
BRDA:142,9,1,1
BRDA:160,10,0,1
BRDA:160,10,1,1
BRDA:176,11,0,1
BRDA:176,11,1,1
BRDA:204,12,0,1
BRDA:204,12,1,1
BRDA:230,13,0,0
BRDA:230,13,1,1
BRDA:238,14,0,3
BRDA:238,14,1,4
BRDA:242,15,0,2
BRDA:242,15,1,3
BRDA:263,16,0,1
BRDA:263,16,1,1
BRDA:281,17,0,0
BRDA:281,17,1,1
BRDA:341,18,0,2
BRDA:341,18,1,0
BRDA:342,19,0,0
BRDA:342,19,1,2
BRF:38
BRH:31
end_of_record
TN:
SF:/Users/tadecker/Documents/2015springTeam17/src/routes/search.js
FN:10,(anonymous_1)
FN:13,(anonymous_2)
FN:55,(anonymous_3)
FN:56,(anonymous_4)
FN:75,getAllNodeRelationships
FN:89,(anonymous_6)
FN:114,getNodesBasedOnRelationships
FN:148,(anonymous_8)
FNF:8
FNH:8
FNDA:3,(anonymous_1)
FNDA:4,(anonymous_2)
FNDA:1,(anonymous_3)
FNDA:1,(anonymous_4)
FNDA:1,getAllNodeRelationships
FNDA:1,(anonymous_6)
FNDA:1,getNodesBasedOnRelationships
FNDA:1,(anonymous_8)
DA:2,1
DA:3,1
DA:5,1
DA:6,1
DA:8,1
DA:10,1
DA:11,3
DA:12,3
DA:13,3
DA:14,4
DA:15,1
DA:16,1
DA:18,3
DA:20,3
DA:21,126079
DA:23,126079
DA:24,933488
DA:25,933488
DA:26,8
DA:27,8
DA:31,126078
DA:32,126070
DA:33,126070
DA:36,2
DA:37,2
DA:38,8
DA:49,2
DA:50,2
DA:51,0
DA:52,0
DA:54,2
DA:55,1
DA:56,1
DA:57,1
DA:62,1
DA:66,1
DA:67,1
DA:75,1
DA:76,1
DA:77,0
DA:79,1
DA:80,1
DA:81,8
DA:82,1
DA:84,7
DA:87,1
DA:89,1
DA:90,1
DA:91,0
DA:92,0
DA:94,1
DA:95,1
DA:96,106
DA:97,106
DA:98,106
DA:108,1
DA:114,1
DA:115,1
DA:116,0
DA:118,1
DA:119,1
DA:120,1
DA:121,106
DA:122,106
DA:123,106
DA:124,4785
DA:125,43
DA:127,4785
DA:128,86
DA:131,106
DA:132,63
DA:134,106
DA:135,20
DA:138,1
DA:139,83
DA:140,1
DA:142,82
DA:146,1
DA:148,1
DA:149,1
DA:150,0
DA:151,0
DA:153,1
DA:154,1
DA:155,83
DA:167,1
DA:174,1
LF:87
LH:79
BRDA:14,1,0,1
BRDA:14,1,1,3
BRDA:24,2,0,933488
BRDA:24,2,1,0
BRDA:25,3,0,8
BRDA:25,3,1,933479
BRDA:31,4,0,126070
BRDA:31,4,1,8
BRDA:50,5,0,0
BRDA:50,5,1,2
BRDA:54,6,0,1
BRDA:54,6,1,1
BRDA:58,7,0,1
BRDA:58,7,1,0
BRDA:76,8,0,0
BRDA:76,8,1,1
BRDA:81,9,0,1
BRDA:81,9,1,7
BRDA:90,10,0,0
BRDA:90,10,1,1
BRDA:115,11,0,0
BRDA:115,11,1,1
BRDA:124,12,0,43
BRDA:124,12,1,4742
BRDA:127,13,0,86
BRDA:127,13,1,4699
BRDA:131,14,0,63
BRDA:131,14,1,43
BRDA:134,15,0,20
BRDA:134,15,1,86
BRDA:139,16,0,1
BRDA:139,16,1,82
BRDA:149,17,0,0
BRDA:149,17,1,1
BRF:34
BRH:27
end_of_record
TN:
SF:/Users/tadecker/Documents/2015springTeam17/src/routes/advMode.js
FN:8,(anonymous_1)
FN:11,(anonymous_2)
FNF:2
FNH:2
FNDA:2,(anonymous_1)
FNDA:2,(anonymous_2)
DA:2,1
DA:3,1
DA:5,1
DA:6,1
DA:8,1
DA:9,2
DA:10,2
DA:11,2
DA:12,2
DA:13,1
DA:14,1
DA:16,1
DA:17,1
DA:18,1
DA:19,1
DA:24,1
LF:16
LH:16
BRDA:12,1,0,1
BRDA:12,1,1,1
BRF:2
BRH:2
end_of_record
TN:
SF:/Users/tadecker/Documents/2015springTeam17/src/routes/shortestPath.js
FN:8,(anonymous_1)
FN:14,(anonymous_2)
FN:20,(anonymous_3)
FN:22,(anonymous_4)
FN:24,(anonymous_5)
FN:43,(anonymous_6)
FN:45,(anonymous_7)
FNF:7
FNH:0
FNDA:0,(anonymous_1)
FNDA:0,(anonymous_2)
FNDA:0,(anonymous_3)
FNDA:0,(anonymous_4)
FNDA:0,(anonymous_5)
FNDA:0,(anonymous_6)
FNDA:0,(anonymous_7)
DA:2,1
DA:3,1
DA:5,1
DA:6,1
DA:8,1
DA:9,0
DA:10,0
DA:11,0
DA:14,0
DA:15,0
DA:16,0
DA:17,0
DA:19,0
DA:20,0
DA:21,0
DA:22,0
DA:23,0
DA:24,0
DA:25,0
DA:26,0
DA:29,0
DA:30,0
DA:42,0
DA:43,0
DA:44,0
DA:45,0
DA:46,0
DA:47,0
DA:50,0
DA:51,0
DA:52,0
DA:53,0
DA:65,0
DA:69,0
DA:74,1
LF:35
LH:6
BRDA:15,1,0,0
BRDA:15,1,1,0
BRDA:21,2,0,0
BRDA:21,2,1,0
BRDA:25,3,0,0
BRDA:25,3,1,0
BRDA:29,4,0,0
BRDA:29,4,1,0
BRDA:42,5,0,0
BRDA:42,5,1,0
BRDA:46,6,0,0
BRDA:46,6,1,0
BRDA:50,7,0,0
BRDA:50,7,1,0
BRF:14
BRH:0
end_of_record
