{"/Users/tadecker/Documents/2015springTeam17/src/app.js":{"path":"/Users/tadecker/Documents/2015springTeam17/src/app.js","s":{"1":1,"2":1,"3":1,"4":1,"5":1,"6":1,"7":1,"8":1,"9":1,"10":1,"11":1,"12":1,"13":1,"14":1,"15":1,"16":1,"17":1,"18":1,"19":1,"20":1,"21":0,"22":0,"23":0,"24":1,"25":1,"26":0,"27":0,"28":1,"29":0,"30":0,"31":1},"b":{"1":[1,0],"2":[0,0],"3":[0,0]},"f":{"1":0,"2":0,"3":0},"fnMap":{"1":{"name":"(anonymous_1)","line":30,"loc":{"start":{"line":30,"column":8},"end":{"line":30,"column":33}}},"2":{"name":"(anonymous_2)","line":41,"loc":{"start":{"line":41,"column":12},"end":{"line":41,"column":42}}},"3":{"name":"(anonymous_3)","line":52,"loc":{"start":{"line":52,"column":8},"end":{"line":52,"column":38}}}},"statementMap":{"1":{"start":{"line":1,"column":0},"end":{"line":1,"column":33}},"2":{"start":{"line":2,"column":0},"end":{"line":2,"column":27}},"3":{"start":{"line":3,"column":0},"end":{"line":3,"column":39}},"4":{"start":{"line":4,"column":0},"end":{"line":4,"column":31}},"5":{"start":{"line":5,"column":0},"end":{"line":5,"column":44}},"6":{"start":{"line":6,"column":0},"end":{"line":6,"column":40}},"7":{"start":{"line":8,"column":0},"end":{"line":8,"column":39}},"8":{"start":{"line":9,"column":0},"end":{"line":9,"column":38}},"9":{"start":{"line":11,"column":0},"end":{"line":11,"column":20}},"10":{"start":{"line":12,"column":0},"end":{"line":12,"column":17}},"11":{"start":{"line":15,"column":0},"end":{"line":15,"column":48}},"12":{"start":{"line":16,"column":0},"end":{"line":16,"column":31}},"13":{"start":{"line":20,"column":0},"end":{"line":20,"column":23}},"14":{"start":{"line":21,"column":0},"end":{"line":21,"column":27}},"15":{"start":{"line":22,"column":0},"end":{"line":22,"column":52}},"16":{"start":{"line":23,"column":0},"end":{"line":23,"column":24}},"17":{"start":{"line":24,"column":0},"end":{"line":24,"column":56}},"18":{"start":{"line":26,"column":0},"end":{"line":26,"column":21}},"19":{"start":{"line":27,"column":0},"end":{"line":27,"column":25}},"20":{"start":{"line":30,"column":0},"end":{"line":34,"column":3}},"21":{"start":{"line":31,"column":4},"end":{"line":31,"column":37}},"22":{"start":{"line":32,"column":4},"end":{"line":32,"column":21}},"23":{"start":{"line":33,"column":4},"end":{"line":33,"column":14}},"24":{"start":{"line":40,"column":0},"end":{"line":48,"column":1}},"25":{"start":{"line":41,"column":4},"end":{"line":47,"column":7}},"26":{"start":{"line":42,"column":8},"end":{"line":42,"column":38}},"27":{"start":{"line":43,"column":8},"end":{"line":46,"column":11}},"28":{"start":{"line":52,"column":0},"end":{"line":58,"column":3}},"29":{"start":{"line":53,"column":4},"end":{"line":53,"column":34}},"30":{"start":{"line":54,"column":4},"end":{"line":57,"column":7}},"31":{"start":{"line":61,"column":0},"end":{"line":61,"column":21}}},"branchMap":{"1":{"line":40,"type":"if","locations":[{"start":{"line":40,"column":0},"end":{"line":40,"column":0}},{"start":{"line":40,"column":0},"end":{"line":40,"column":0}}]},"2":{"line":42,"type":"binary-expr","locations":[{"start":{"line":42,"column":19},"end":{"line":42,"column":29}},{"start":{"line":42,"column":33},"end":{"line":42,"column":36}}]},"3":{"line":53,"type":"binary-expr","locations":[{"start":{"line":53,"column":15},"end":{"line":53,"column":25}},{"start":{"line":53,"column":29},"end":{"line":53,"column":32}}]}}},"/Users/tadecker/Documents/2015springTeam17/src/routes/index.js":{"path":"/Users/tadecker/Documents/2015springTeam17/src/routes/index.js","s":{"1":1,"2":1,"3":1,"4":1,"5":1,"6":0,"7":1,"8":0,"9":0,"10":0,"11":0,"12":0,"13":0,"14":0,"15":0,"16":0,"17":0,"18":1,"19":0,"20":0,"21":0,"22":0,"23":0,"24":0,"25":1,"26":0,"27":0,"28":0,"29":0,"30":0,"31":0,"32":1,"33":0,"34":0,"35":0,"36":0,"37":0,"38":0,"39":0,"40":0,"41":0,"42":0,"43":0,"44":0,"45":1,"46":0,"47":0,"48":0,"49":0,"50":0,"51":0,"52":1,"53":0,"54":0,"55":0,"56":0,"57":0,"58":0,"59":0,"60":0,"61":0,"62":1,"63":0,"64":0,"65":0,"66":0,"67":0,"68":0,"69":0,"70":0,"71":0,"72":1,"73":0,"74":0,"75":0,"76":0,"77":0,"78":0,"79":0,"80":0,"81":0,"82":0,"83":1,"84":0,"85":0,"86":0,"87":0,"88":0,"89":0,"90":0,"91":0,"92":0,"93":0,"94":0,"95":0,"96":1,"97":0,"98":0,"99":0,"100":0,"101":0,"102":0,"103":0,"104":0,"105":0,"106":0,"107":0,"108":0,"109":1,"110":0,"111":1},"b":{"1":[0,0],"2":[0,0],"3":[0,0],"4":[0,0],"5":[0,0],"6":[0,0],"7":[0,0],"8":[0,0],"9":[0,0],"10":[0,0],"11":[0,0],"12":[0,0],"13":[0,0]},"f":{"1":0,"2":0,"3":0,"4":0,"5":0,"6":0,"7":0,"8":0,"9":0,"10":0,"11":0,"12":0,"13":0,"14":0,"15":0,"16":0,"17":0,"18":0,"19":0,"20":0,"21":0,"22":0,"23":0,"24":0},"fnMap":{"1":{"name":"(anonymous_1)","line":10,"loc":{"start":{"line":10,"column":16},"end":{"line":10,"column":41}}},"2":{"name":"(anonymous_2)","line":15,"loc":{"start":{"line":15,"column":21},"end":{"line":15,"column":46}}},"3":{"name":"(anonymous_3)","line":20,"loc":{"start":{"line":20,"column":23},"end":{"line":20,"column":46}}},"4":{"name":"(anonymous_4)","line":36,"loc":{"start":{"line":36,"column":68},"end":{"line":36,"column":97}}},"5":{"name":"(anonymous_5)","line":51,"loc":{"start":{"line":51,"column":24},"end":{"line":51,"column":49}}},"6":{"name":"(anonymous_6)","line":56,"loc":{"start":{"line":56,"column":23},"end":{"line":56,"column":46}}},"7":{"name":"(anonymous_7)","line":67,"loc":{"start":{"line":67,"column":23},"end":{"line":67,"column":48}}},"8":{"name":"(anonymous_8)","line":77,"loc":{"start":{"line":77,"column":23},"end":{"line":77,"column":46}}},"9":{"name":"(anonymous_9)","line":88,"loc":{"start":{"line":88,"column":29},"end":{"line":88,"column":54}}},"10":{"name":"(anonymous_10)","line":92,"loc":{"start":{"line":92,"column":23},"end":{"line":92,"column":47}}},"11":{"name":"(anonymous_11)","line":99,"loc":{"start":{"line":99,"column":26},"end":{"line":99,"column":50}}},"12":{"name":"(anonymous_12)","line":114,"loc":{"start":{"line":114,"column":37},"end":{"line":114,"column":62}}},"13":{"name":"(anonymous_13)","line":118,"loc":{"start":{"line":118,"column":23},"end":{"line":118,"column":47}}},"14":{"name":"(anonymous_14)","line":129,"loc":{"start":{"line":129,"column":27},"end":{"line":129,"column":52}}},"15":{"name":"(anonymous_15)","line":135,"loc":{"start":{"line":135,"column":23},"end":{"line":135,"column":47}}},"16":{"name":"(anonymous_16)","line":147,"loc":{"start":{"line":147,"column":26},"end":{"line":147,"column":51}}},"17":{"name":"(anonymous_17)","line":153,"loc":{"start":{"line":153,"column":23},"end":{"line":153,"column":47}}},"18":{"name":"(anonymous_18)","line":165,"loc":{"start":{"line":165,"column":27},"end":{"line":165,"column":50}}},"19":{"name":"(anonymous_19)","line":169,"loc":{"start":{"line":169,"column":19},"end":{"line":169,"column":42}}},"20":{"name":"(anonymous_20)","line":192,"loc":{"start":{"line":192,"column":26},"end":{"line":192,"column":49}}},"21":{"name":"(anonymous_21)","line":196,"loc":{"start":{"line":196,"column":19},"end":{"line":196,"column":42}}},"22":{"name":"getAllRelationships","line":219,"loc":{"start":{"line":219,"column":0},"end":{"line":219,"column":56}}},"23":{"name":"(anonymous_23)","line":224,"loc":{"start":{"line":224,"column":23},"end":{"line":224,"column":46}}},"24":{"name":"CleanJSONForNeo4j","line":249,"loc":{"start":{"line":249,"column":0},"end":{"line":249,"column":33}}}},"statementMap":{"1":{"start":{"line":2,"column":0},"end":{"line":2,"column":29}},"2":{"start":{"line":3,"column":0},"end":{"line":3,"column":58}},"3":{"start":{"line":5,"column":0},"end":{"line":5,"column":33}},"4":{"start":{"line":6,"column":0},"end":{"line":6,"column":30}},"5":{"start":{"line":10,"column":0},"end":{"line":12,"column":3}},"6":{"start":{"line":11,"column":1},"end":{"line":11,"column":44}},"7":{"start":{"line":15,"column":0},"end":{"line":48,"column":3}},"8":{"start":{"line":17,"column":1},"end":{"line":17,"column":44}},"9":{"start":{"line":20,"column":1},"end":{"line":47,"column":4}},"10":{"start":{"line":21,"column":2},"end":{"line":46,"column":3}},"11":{"start":{"line":22,"column":3},"end":{"line":22,"column":61}},"12":{"start":{"line":24,"column":3},"end":{"line":24,"column":22}},"13":{"start":{"line":25,"column":3},"end":{"line":35,"column":4}},"14":{"start":{"line":26,"column":4},"end":{"line":33,"column":7}},"15":{"start":{"line":36,"column":3},"end":{"line":43,"column":6}},"16":{"start":{"line":37,"column":4},"end":{"line":40,"column":6}},"17":{"start":{"line":42,"column":4},"end":{"line":42,"column":36}},"18":{"start":{"line":51,"column":0},"end":{"line":64,"column":3}},"19":{"start":{"line":52,"column":1},"end":{"line":54,"column":20}},"20":{"start":{"line":56,"column":1},"end":{"line":63,"column":4}},"21":{"start":{"line":57,"column":2},"end":{"line":62,"column":3}},"22":{"start":{"line":58,"column":3},"end":{"line":58,"column":20}},"23":{"start":{"line":59,"column":3},"end":{"line":59,"column":25}},"24":{"start":{"line":61,"column":3},"end":{"line":61,"column":21}},"25":{"start":{"line":67,"column":0},"end":{"line":85,"column":3}},"26":{"start":{"line":68,"column":1},"end":{"line":75,"column":65}},"27":{"start":{"line":77,"column":1},"end":{"line":84,"column":4}},"28":{"start":{"line":78,"column":2},"end":{"line":83,"column":3}},"29":{"start":{"line":79,"column":3},"end":{"line":79,"column":20}},"30":{"start":{"line":80,"column":3},"end":{"line":80,"column":25}},"31":{"start":{"line":82,"column":3},"end":{"line":82,"column":21}},"32":{"start":{"line":88,"column":0},"end":{"line":111,"column":3}},"33":{"start":{"line":89,"column":1},"end":{"line":89,"column":27}},"34":{"start":{"line":91,"column":1},"end":{"line":91,"column":75}},"35":{"start":{"line":92,"column":1},"end":{"line":109,"column":4}},"36":{"start":{"line":93,"column":2},"end":{"line":108,"column":3}},"37":{"start":{"line":94,"column":3},"end":{"line":94,"column":20}},"38":{"start":{"line":95,"column":3},"end":{"line":95,"column":61}},"39":{"start":{"line":98,"column":3},"end":{"line":98,"column":56}},"40":{"start":{"line":99,"column":3},"end":{"line":106,"column":6}},"41":{"start":{"line":100,"column":4},"end":{"line":105,"column":5}},"42":{"start":{"line":101,"column":5},"end":{"line":101,"column":22}},"43":{"start":{"line":102,"column":5},"end":{"line":102,"column":63}},"44":{"start":{"line":104,"column":5},"end":{"line":104,"column":33}},"45":{"start":{"line":114,"column":0},"end":{"line":126,"column":3}},"46":{"start":{"line":115,"column":1},"end":{"line":115,"column":26}},"47":{"start":{"line":117,"column":1},"end":{"line":117,"column":52}},"48":{"start":{"line":118,"column":1},"end":{"line":124,"column":4}},"49":{"start":{"line":119,"column":2},"end":{"line":123,"column":3}},"50":{"start":{"line":120,"column":3},"end":{"line":120,"column":61}},"51":{"start":{"line":122,"column":3},"end":{"line":122,"column":31}},"52":{"start":{"line":129,"column":0},"end":{"line":144,"column":3}},"53":{"start":{"line":130,"column":1},"end":{"line":130,"column":38}},"54":{"start":{"line":131,"column":1},"end":{"line":131,"column":23}},"55":{"start":{"line":132,"column":1},"end":{"line":132,"column":28}},"56":{"start":{"line":134,"column":1},"end":{"line":134,"column":103}},"57":{"start":{"line":135,"column":1},"end":{"line":142,"column":4}},"58":{"start":{"line":136,"column":2},"end":{"line":141,"column":3}},"59":{"start":{"line":137,"column":3},"end":{"line":137,"column":20}},"60":{"start":{"line":138,"column":3},"end":{"line":138,"column":61}},"61":{"start":{"line":140,"column":3},"end":{"line":140,"column":31}},"62":{"start":{"line":147,"column":0},"end":{"line":162,"column":3}},"63":{"start":{"line":148,"column":1},"end":{"line":148,"column":37}},"64":{"start":{"line":149,"column":1},"end":{"line":149,"column":22}},"65":{"start":{"line":150,"column":1},"end":{"line":150,"column":28}},"66":{"start":{"line":152,"column":1},"end":{"line":152,"column":101}},"67":{"start":{"line":153,"column":1},"end":{"line":160,"column":4}},"68":{"start":{"line":154,"column":2},"end":{"line":159,"column":3}},"69":{"start":{"line":155,"column":3},"end":{"line":155,"column":20}},"70":{"start":{"line":156,"column":3},"end":{"line":156,"column":61}},"71":{"start":{"line":158,"column":3},"end":{"line":158,"column":39}},"72":{"start":{"line":165,"column":0},"end":{"line":189,"column":3}},"73":{"start":{"line":166,"column":1},"end":{"line":166,"column":24}},"74":{"start":{"line":167,"column":1},"end":{"line":167,"column":43}},"75":{"start":{"line":169,"column":1},"end":{"line":188,"column":4}},"76":{"start":{"line":170,"column":2},"end":{"line":187,"column":3}},"77":{"start":{"line":171,"column":3},"end":{"line":171,"column":20}},"78":{"start":{"line":172,"column":3},"end":{"line":172,"column":61}},"79":{"start":{"line":174,"column":3},"end":{"line":174,"column":22}},"80":{"start":{"line":175,"column":3},"end":{"line":185,"column":4}},"81":{"start":{"line":176,"column":4},"end":{"line":183,"column":7}},"82":{"start":{"line":186,"column":3},"end":{"line":186,"column":23}},"83":{"start":{"line":192,"column":0},"end":{"line":216,"column":3}},"84":{"start":{"line":193,"column":1},"end":{"line":193,"column":24}},"85":{"start":{"line":194,"column":1},"end":{"line":194,"column":42}},"86":{"start":{"line":196,"column":1},"end":{"line":215,"column":4}},"87":{"start":{"line":197,"column":2},"end":{"line":214,"column":3}},"88":{"start":{"line":198,"column":3},"end":{"line":198,"column":20}},"89":{"start":{"line":199,"column":3},"end":{"line":199,"column":61}},"90":{"start":{"line":201,"column":3},"end":{"line":201,"column":21}},"91":{"start":{"line":202,"column":3},"end":{"line":212,"column":4}},"92":{"start":{"line":203,"column":4},"end":{"line":203,"column":59}},"93":{"start":{"line":204,"column":4},"end":{"line":204,"column":55}},"94":{"start":{"line":205,"column":4},"end":{"line":211,"column":7}},"95":{"start":{"line":213,"column":3},"end":{"line":213,"column":22}},"96":{"start":{"line":219,"column":0},"end":{"line":247,"column":1}},"97":{"start":{"line":221,"column":1},"end":{"line":221,"column":49}},"98":{"start":{"line":224,"column":1},"end":{"line":246,"column":4}},"99":{"start":{"line":225,"column":2},"end":{"line":245,"column":3}},"100":{"start":{"line":226,"column":3},"end":{"line":244,"column":4}},"101":{"start":{"line":227,"column":4},"end":{"line":227,"column":57}},"102":{"start":{"line":228,"column":4},"end":{"line":228,"column":14}},"103":{"start":{"line":230,"column":4},"end":{"line":230,"column":27}},"104":{"start":{"line":231,"column":4},"end":{"line":241,"column":5}},"105":{"start":{"line":232,"column":5},"end":{"line":232,"column":60}},"106":{"start":{"line":233,"column":5},"end":{"line":233,"column":56}},"107":{"start":{"line":234,"column":5},"end":{"line":240,"column":8}},"108":{"start":{"line":243,"column":4},"end":{"line":243,"column":28}},"109":{"start":{"line":249,"column":0},"end":{"line":251,"column":1}},"110":{"start":{"line":250,"column":4},"end":{"line":250,"column":47}},"111":{"start":{"line":253,"column":0},"end":{"line":253,"column":24}}},"branchMap":{"1":{"line":21,"type":"if","locations":[{"start":{"line":21,"column":2},"end":{"line":21,"column":2}},{"start":{"line":21,"column":2},"end":{"line":21,"column":2}}]},"2":{"line":57,"type":"if","locations":[{"start":{"line":57,"column":2},"end":{"line":57,"column":2}},{"start":{"line":57,"column":2},"end":{"line":57,"column":2}}]},"3":{"line":68,"type":"cond-expr","locations":[{"start":{"line":69,"column":6},"end":{"line":72,"column":63}},{"start":{"line":73,"column":5},"end":{"line":75,"column":64}}]},"4":{"line":78,"type":"if","locations":[{"start":{"line":78,"column":2},"end":{"line":78,"column":2}},{"start":{"line":78,"column":2},"end":{"line":78,"column":2}}]},"5":{"line":93,"type":"if","locations":[{"start":{"line":93,"column":2},"end":{"line":93,"column":2}},{"start":{"line":93,"column":2},"end":{"line":93,"column":2}}]},"6":{"line":100,"type":"if","locations":[{"start":{"line":100,"column":4},"end":{"line":100,"column":4}},{"start":{"line":100,"column":4},"end":{"line":100,"column":4}}]},"7":{"line":119,"type":"if","locations":[{"start":{"line":119,"column":2},"end":{"line":119,"column":2}},{"start":{"line":119,"column":2},"end":{"line":119,"column":2}}]},"8":{"line":136,"type":"if","locations":[{"start":{"line":136,"column":2},"end":{"line":136,"column":2}},{"start":{"line":136,"column":2},"end":{"line":136,"column":2}}]},"9":{"line":154,"type":"if","locations":[{"start":{"line":154,"column":2},"end":{"line":154,"column":2}},{"start":{"line":154,"column":2},"end":{"line":154,"column":2}}]},"10":{"line":170,"type":"if","locations":[{"start":{"line":170,"column":2},"end":{"line":170,"column":2}},{"start":{"line":170,"column":2},"end":{"line":170,"column":2}}]},"11":{"line":197,"type":"if","locations":[{"start":{"line":197,"column":2},"end":{"line":197,"column":2}},{"start":{"line":197,"column":2},"end":{"line":197,"column":2}}]},"12":{"line":225,"type":"if","locations":[{"start":{"line":225,"column":2},"end":{"line":225,"column":2}},{"start":{"line":225,"column":2},"end":{"line":225,"column":2}}]},"13":{"line":226,"type":"if","locations":[{"start":{"line":226,"column":3},"end":{"line":226,"column":3}},{"start":{"line":226,"column":3},"end":{"line":226,"column":3}}]}}},"/Users/tadecker/Documents/2015springTeam17/src/routes/users.js":{"path":"/Users/tadecker/Documents/2015springTeam17/src/routes/users.js","s":{"1":1,"2":1,"3":1,"4":0,"5":1},"b":{},"f":{"1":0},"fnMap":{"1":{"name":"(anonymous_1)","line":5,"loc":{"start":{"line":5,"column":16},"end":{"line":5,"column":41}}}},"statementMap":{"1":{"start":{"line":1,"column":0},"end":{"line":1,"column":33}},"2":{"start":{"line":2,"column":0},"end":{"line":2,"column":30}},"3":{"start":{"line":5,"column":0},"end":{"line":7,"column":3}},"4":{"start":{"line":6,"column":2},"end":{"line":6,"column":38}},"5":{"start":{"line":9,"column":0},"end":{"line":9,"column":24}}},"branchMap":{}}}