<?xml version="1.0" encoding="UTF-8" ?>
<testsuites name="serverRunningTest"
             errors="0"
             failures="0"
             tests="3">
  
  <testsuite errors="0" failures="0" hostname="" id=""
    name="Test that Columbus server is running" package="serverRunningTest" skipped="0"
    tests="3" time="" timestamp="">
    
    
      <testcase name="Element &lt;body&gt; was visible after 96 milliseconds.">
        
        
      </testcase>
    
      <testcase name="Testing if the page title equals &quot;Columbus - Neo4j Editor and Visualization Tool&quot;.">
        
        
      </testcase>
    
      <testcase name="Testing if element &lt;#sideMenu&gt; contains text: &quot;Welcome to Columbus&quot;.">
        
        
      </testcase>
    
    
    </testsuite>
  
</testsuites>
